2020-01-18 00:20:09.513  INFO 49131 --- [Thread-4] o.s.s.concurrent.ThreadPoolTaskExecutor  : Shutting down ExecutorService 'applicationTaskExecutor'
2020-01-18 00:20:09.521  INFO 49131 --- [Thread-4] j.LocalContainerEntityManagerFactoryBean : Closing JPA EntityManagerFactory for persistence unit 'default'
2020-01-18 00:20:09.526  INFO 49131 --- [Thread-4] com.zaxxer.hikari.HikariDataSource       : HikariPool-1 - Shutdown initiated...
2020-01-18 00:20:09.536  INFO 49131 --- [Thread-4] com.zaxxer.hikari.HikariDataSource       : HikariPool-1 - Shutdown completed.
2020-01-18 00:20:09.641  INFO 49131 --- [restartedMain] site.wendev.website.WebsiteApplication   : Starting WebsiteApplication on WenDev.local with PID 49131 (/Users/jiangwen/Develop/website/target/classes started by jiangwen in /Users/jiangwen/Develop/website)
2020-01-18 00:20:09.641 DEBUG 49131 --- [restartedMain] site.wendev.website.WebsiteApplication   : Running with Spring Boot v2.2.2.RELEASE, Spring v5.2.2.RELEASE
2020-01-18 00:20:09.641  INFO 49131 --- [restartedMain] site.wendev.website.WebsiteApplication   : The following profiles are active: dev
2020-01-18 00:20:09.784  INFO 49131 --- [restartedMain] .s.d.r.c.RepositoryConfigurationDelegate : Bootstrapping Spring Data JPA repositories in DEFAULT mode.
2020-01-18 00:20:09.792  INFO 49131 --- [restartedMain] .s.d.r.c.RepositoryConfigurationDelegate : Finished Spring Data repository scanning in 8ms. Found 1 JPA repository interfaces.
2020-01-18 00:20:09.845  INFO 49131 --- [restartedMain] trationDelegate$BeanPostProcessorChecker : Bean 'org.springframework.transaction.annotation.ProxyTransactionManagementConfiguration' of type [org.springframework.transaction.annotation.ProxyTransactionManagementConfiguration] is not eligible for getting processed by all BeanPostProcessors (for example: not eligible for auto-proxying)
2020-01-18 00:20:09.923  WARN 49131 --- [restartedMain] org.apache.tomcat.util.modeler.Registry  : The MBean registry cannot be disabled because it has already been initialised
2020-01-18 00:20:09.937  INFO 49131 --- [restartedMain] o.s.b.w.embedded.tomcat.TomcatWebServer  : Tomcat initialized with port(s): 10000 (http)
2020-01-18 00:20:09.938  INFO 49131 --- [restartedMain] o.apache.catalina.core.StandardService   : Starting service [Tomcat]
2020-01-18 00:20:09.938  INFO 49131 --- [restartedMain] org.apache.catalina.core.StandardEngine  : Starting Servlet engine: [Apache Tomcat/9.0.29]
2020-01-18 00:20:09.950  INFO 49131 --- [restartedMain] o.a.c.c.C.[Tomcat].[localhost].[/]       : Initializing Spring embedded WebApplicationContext
2020-01-18 00:20:09.950  INFO 49131 --- [restartedMain] o.s.web.context.ContextLoader            : Root WebApplicationContext: initialization completed in 307 ms
2020-01-18 00:20:10.006  INFO 49131 --- [restartedMain] o.hibernate.jpa.internal.util.LogHelper  : HHH000204: Processing PersistenceUnitInfo [name: default]
2020-01-18 00:20:10.010  INFO 49131 --- [restartedMain] com.zaxxer.hikari.HikariDataSource       : HikariPool-2 - Starting...
2020-01-18 00:20:10.020  INFO 49131 --- [restartedMain] com.zaxxer.hikari.HikariDataSource       : HikariPool-2 - Start completed.
2020-01-18 00:20:10.021  INFO 49131 --- [restartedMain] org.hibernate.dialect.Dialect            : HHH000400: Using dialect: org.hibernate.dialect.MySQL5InnoDBDialect
2020-01-18 00:20:10.148  INFO 49131 --- [restartedMain] o.h.e.t.j.p.i.JtaPlatformInitiator       : HHH000490: Using JtaPlatform implementation: [org.hibernate.engine.transaction.jta.platform.internal.NoJtaPlatform]
2020-01-18 00:20:10.149  INFO 49131 --- [restartedMain] j.LocalContainerEntityManagerFactoryBean : Initialized JPA EntityManagerFactory for persistence unit 'default'
2020-01-18 00:20:10.180  INFO 49131 --- [restartedMain] o.s.b.d.a.OptionalLiveReloadServer       : LiveReload server is running on port 35729
2020-01-18 00:20:10.348  WARN 49131 --- [restartedMain] JpaBaseConfiguration$JpaWebConfiguration : spring.jpa.open-in-view is enabled by default. Therefore, database queries may be performed during view rendering. Explicitly configure spring.jpa.open-in-view to disable this warning
2020-01-18 00:20:10.451  INFO 49131 --- [restartedMain] o.s.s.concurrent.ThreadPoolTaskExecutor  : Initializing ExecutorService 'applicationTaskExecutor'
2020-01-18 00:20:10.492  INFO 49131 --- [restartedMain] o.s.b.a.w.s.WelcomePageHandlerMapping    : Adding welcome page template: index
2020-01-18 00:20:10.663  INFO 49131 --- [restartedMain] o.s.b.w.embedded.tomcat.TomcatWebServer  : Tomcat started on port(s): 10000 (http) with context path ''
2020-01-18 00:20:10.664  INFO 49131 --- [restartedMain] site.wendev.website.WebsiteApplication   : Started WebsiteApplication in 1.058 seconds (JVM running for 1534.566)
2020-01-18 00:20:10.665  INFO 49131 --- [restartedMain] .ConditionEvaluationDeltaLoggingListener : Condition evaluation unchanged
2020-01-18 00:20:17.947  INFO 49131 --- [SpringContextShutdownHook] o.s.s.concurrent.ThreadPoolTaskExecutor  : Shutting down ExecutorService 'applicationTaskExecutor'
2020-01-18 00:20:17.948  INFO 49131 --- [SpringContextShutdownHook] j.LocalContainerEntityManagerFactoryBean : Closing JPA EntityManagerFactory for persistence unit 'default'
2020-01-18 00:20:17.949  INFO 49131 --- [SpringContextShutdownHook] com.zaxxer.hikari.HikariDataSource       : HikariPool-2 - Shutdown initiated...
2020-01-18 00:20:17.956  INFO 49131 --- [SpringContextShutdownHook] com.zaxxer.hikari.HikariDataSource       : HikariPool-2 - Shutdown completed.
2020-01-18 00:20:20.597  INFO 49201 --- [restartedMain] site.wendev.website.WebsiteApplication   : Starting WebsiteApplication on WenDev.local with PID 49201 (/Users/jiangwen/Develop/website/target/classes started by jiangwen in /Users/jiangwen/Develop/website)
2020-01-18 00:20:20.599 DEBUG 49201 --- [restartedMain] site.wendev.website.WebsiteApplication   : Running with Spring Boot v2.2.2.RELEASE, Spring v5.2.2.RELEASE
2020-01-18 00:20:20.599  INFO 49201 --- [restartedMain] site.wendev.website.WebsiteApplication   : The following profiles are active: dev
2020-01-18 00:20:20.629  INFO 49201 --- [restartedMain] o.s.b.devtools.restart.ChangeableUrls    : The Class-Path manifest attribute in /Users/jiangwen/.m2/repository/org/glassfish/jaxb/jaxb-runtime/2.3.2/jaxb-runtime-2.3.2.jar referenced one or more files that do not exist: file:/Users/jiangwen/.m2/repository/org/glassfish/jaxb/jaxb-runtime/2.3.2/jakarta.xml.bind-api-2.3.2.jar,file:/Users/jiangwen/.m2/repository/org/glassfish/jaxb/jaxb-runtime/2.3.2/txw2-2.3.2.jar,file:/Users/jiangwen/.m2/repository/org/glassfish/jaxb/jaxb-runtime/2.3.2/istack-commons-runtime-3.0.8.jar,file:/Users/jiangwen/.m2/repository/org/glassfish/jaxb/jaxb-runtime/2.3.2/stax-ex-1.8.1.jar,file:/Users/jiangwen/.m2/repository/org/glassfish/jaxb/jaxb-runtime/2.3.2/FastInfoset-1.2.16.jar,file:/Users/jiangwen/.m2/repository/org/glassfish/jaxb/jaxb-runtime/2.3.2/jakarta.activation-api-1.2.1.jar
2020-01-18 00:20:20.630  INFO 49201 --- [restartedMain] .e.DevToolsPropertyDefaultsPostProcessor : Devtools property defaults active! Set 'spring.devtools.add-properties' to 'false' to disable
2020-01-18 00:20:20.630  INFO 49201 --- [restartedMain] .e.DevToolsPropertyDefaultsPostProcessor : For additional web related logging consider setting the 'logging.level.web' property to 'DEBUG'
2020-01-18 00:20:21.180  INFO 49201 --- [restartedMain] .s.d.r.c.RepositoryConfigurationDelegate : Bootstrapping Spring Data JPA repositories in DEFAULT mode.
2020-01-18 00:20:21.217  INFO 49201 --- [restartedMain] .s.d.r.c.RepositoryConfigurationDelegate : Finished Spring Data repository scanning in 32ms. Found 1 JPA repository interfaces.
2020-01-18 00:20:21.416  INFO 49201 --- [restartedMain] trationDelegate$BeanPostProcessorChecker : Bean 'org.springframework.transaction.annotation.ProxyTransactionManagementConfiguration' of type [org.springframework.transaction.annotation.ProxyTransactionManagementConfiguration] is not eligible for getting processed by all BeanPostProcessors (for example: not eligible for auto-proxying)
2020-01-18 00:20:21.765  INFO 49201 --- [restartedMain] o.s.b.w.embedded.tomcat.TomcatWebServer  : Tomcat initialized with port(s): 10000 (http)
2020-01-18 00:20:21.775  INFO 49201 --- [restartedMain] o.apache.catalina.core.StandardService   : Starting service [Tomcat]
2020-01-18 00:20:21.776  INFO 49201 --- [restartedMain] org.apache.catalina.core.StandardEngine  : Starting Servlet engine: [Apache Tomcat/9.0.29]
2020-01-18 00:20:21.856  INFO 49201 --- [restartedMain] o.a.c.c.C.[Tomcat].[localhost].[/]       : Initializing Spring embedded WebApplicationContext
2020-01-18 00:20:21.856  INFO 49201 --- [restartedMain] o.s.web.context.ContextLoader            : Root WebApplicationContext: initialization completed in 1226 ms
2020-01-18 00:20:21.984  INFO 49201 --- [restartedMain] o.hibernate.jpa.internal.util.LogHelper  : HHH000204: Processing PersistenceUnitInfo [name: default]
2020-01-18 00:20:22.027  INFO 49201 --- [restartedMain] org.hibernate.Version                    : HHH000412: Hibernate Core {5.4.9.Final}
2020-01-18 00:20:22.096  INFO 49201 --- [restartedMain] o.hibernate.annotations.common.Version   : HCANN000001: Hibernate Commons Annotations {5.1.0.Final}
2020-01-18 00:20:22.145  INFO 49201 --- [restartedMain] com.zaxxer.hikari.HikariDataSource       : HikariPool-1 - Starting...
2020-01-18 00:20:22.361  INFO 49201 --- [restartedMain] com.zaxxer.hikari.HikariDataSource       : HikariPool-1 - Start completed.
2020-01-18 00:20:22.368  INFO 49201 --- [restartedMain] org.hibernate.dialect.Dialect            : HHH000400: Using dialect: org.hibernate.dialect.MySQL5InnoDBDialect
2020-01-18 00:20:22.876  INFO 49201 --- [restartedMain] o.h.e.t.j.p.i.JtaPlatformInitiator       : HHH000490: Using JtaPlatform implementation: [org.hibernate.engine.transaction.jta.platform.internal.NoJtaPlatform]
2020-01-18 00:20:22.880  INFO 49201 --- [restartedMain] j.LocalContainerEntityManagerFactoryBean : Initialized JPA EntityManagerFactory for persistence unit 'default'
2020-01-18 00:20:22.918  INFO 49201 --- [restartedMain] o.s.b.d.a.OptionalLiveReloadServer       : LiveReload server is running on port 35729
2020-01-18 00:20:23.257  WARN 49201 --- [restartedMain] JpaBaseConfiguration$JpaWebConfiguration : spring.jpa.open-in-view is enabled by default. Therefore, database queries may be performed during view rendering. Explicitly configure spring.jpa.open-in-view to disable this warning
2020-01-18 00:20:23.395  INFO 49201 --- [restartedMain] o.s.s.concurrent.ThreadPoolTaskExecutor  : Initializing ExecutorService 'applicationTaskExecutor'
2020-01-18 00:20:23.461  INFO 49201 --- [restartedMain] o.s.b.a.w.s.WelcomePageHandlerMapping    : Adding welcome page template: index
2020-01-18 00:20:23.698  INFO 49201 --- [restartedMain] o.s.b.w.embedded.tomcat.TomcatWebServer  : Tomcat started on port(s): 10000 (http) with context path ''
2020-01-18 00:20:23.700  INFO 49201 --- [restartedMain] site.wendev.website.WebsiteApplication   : Started WebsiteApplication in 3.418 seconds (JVM running for 3.981)
2020-01-18 00:20:27.725  INFO 49201 --- [http-nio-10000-exec-1] o.a.c.c.C.[Tomcat].[localhost].[/]       : Initializing Spring DispatcherServlet 'dispatcherServlet'
2020-01-18 00:20:27.725  INFO 49201 --- [http-nio-10000-exec-1] o.s.web.servlet.DispatcherServlet        : Initializing Servlet 'dispatcherServlet'
2020-01-18 00:20:27.735  INFO 49201 --- [http-nio-10000-exec-1] o.s.web.servlet.DispatcherServlet        : Completed initialization in 10 ms
2020-01-18 00:20:33.836  INFO 49201 --- [http-nio-10000-exec-8] site.wendev.website.aspect.LogAspect     : Request: {ip='127.0.0.1', uri='/logout', classMethod='site.wendev.website.controller.MainController.logout', args=[]}
2020-01-18 00:20:33.843  INFO 49201 --- [http-nio-10000-exec-8] site.wendev.website.aspect.LogAspect     : Result: redirect:/
2020-01-18 00:20:33.857  INFO 49201 --- [http-nio-10000-exec-9] site.wendev.website.aspect.LogAspect     : Request: {ip='127.0.0.1', uri='/', classMethod='site.wendev.website.controller.IndexController.index', args=[]}
2020-01-18 00:20:33.860  INFO 49201 --- [http-nio-10000-exec-9] site.wendev.website.aspect.LogAspect     : Result: index
2020-01-18 00:20:35.488  INFO 49201 --- [http-nio-10000-exec-2] site.wendev.website.aspect.LogAspect     : Request: {ip='127.0.0.1', uri='/login', classMethod='site.wendev.website.controller.MainController.loginPage', args=[]}
2020-01-18 00:20:35.488  INFO 49201 --- [http-nio-10000-exec-2] site.wendev.website.aspect.LogAspect     : Result: login
2020-01-18 00:20:39.494  INFO 49201 --- [http-nio-10000-exec-6] site.wendev.website.aspect.LogAspect     : Request: {ip='127.0.0.1', uri='/login', classMethod='site.wendev.website.controller.MainController.login', args=[123, 123, {}]}
2020-01-18 00:20:39.571  INFO 49201 --- [http-nio-10000-exec-6] site.wendev.website.aspect.LogAspect     : Result: redirect:/
2020-01-18 00:20:39.575  INFO 49201 --- [http-nio-10000-exec-7] site.wendev.website.aspect.LogAspect     : Request: {ip='127.0.0.1', uri='/', classMethod='site.wendev.website.controller.IndexController.index', args=[]}
2020-01-18 00:20:39.575  INFO 49201 --- [http-nio-10000-exec-7] site.wendev.website.aspect.LogAspect     : Result: index
2020-01-18 00:20:44.299  INFO 49201 --- [http-nio-10000-exec-1] site.wendev.website.aspect.LogAspect     : Request: {ip='127.0.0.1', uri='/', classMethod='site.wendev.website.controller.IndexController.index', args=[]}
2020-01-18 00:20:44.299  INFO 49201 --- [http-nio-10000-exec-1] site.wendev.website.aspect.LogAspect     : Result: index
2020-01-18 00:20:47.400  INFO 49201 --- [http-nio-10000-exec-4] site.wendev.website.aspect.LogAspect     : Request: {ip='127.0.0.1', uri='/logout', classMethod='site.wendev.website.controller.MainController.logout', args=[]}
2020-01-18 00:20:47.400  INFO 49201 --- [http-nio-10000-exec-4] site.wendev.website.aspect.LogAspect     : Result: redirect:/
2020-01-18 00:20:47.404  INFO 49201 --- [http-nio-10000-exec-5] site.wendev.website.aspect.LogAspect     : Request: {ip='127.0.0.1', uri='/', classMethod='site.wendev.website.controller.IndexController.index', args=[]}
2020-01-18 00:20:47.404  INFO 49201 --- [http-nio-10000-exec-5] site.wendev.website.aspect.LogAspect     : Result: index
2020-01-18 00:20:49.230  INFO 49201 --- [http-nio-10000-exec-10] site.wendev.website.aspect.LogAspect     : Request: {ip='127.0.0.1', uri='/login', classMethod='site.wendev.website.controller.MainController.loginPage', args=[]}
2020-01-18 00:20:49.231  INFO 49201 --- [http-nio-10000-exec-10] site.wendev.website.aspect.LogAspect     : Result: login
2020-01-18 00:20:57.235  INFO 49201 --- [http-nio-10000-exec-1] site.wendev.website.aspect.LogAspect     : Request: {ip='127.0.0.1', uri='/login', classMethod='site.wendev.website.controller.MainController.login', args=[JiangWen, JiangWen1024@#, {}]}
2020-01-18 00:20:57.238  INFO 49201 --- [http-nio-10000-exec-1] site.wendev.website.aspect.LogAspect     : Result: redirect:/
2020-01-18 00:20:57.240  INFO 49201 --- [http-nio-10000-exec-3] site.wendev.website.aspect.LogAspect     : Request: {ip='127.0.0.1', uri='/', classMethod='site.wendev.website.controller.IndexController.index', args=[]}
2020-01-18 00:20:57.241  INFO 49201 --- [http-nio-10000-exec-3] site.wendev.website.aspect.LogAspect     : Result: index
2020-01-18 00:23:02.181  INFO 49201 --- [SpringContextShutdownHook] o.s.s.concurrent.ThreadPoolTaskExecutor  : Shutting down ExecutorService 'applicationTaskExecutor'
2020-01-18 00:23:02.181  INFO 49201 --- [SpringContextShutdownHook] j.LocalContainerEntityManagerFactoryBean : Closing JPA EntityManagerFactory for persistence unit 'default'
2020-01-18 00:23:02.186  INFO 49201 --- [SpringContextShutdownHook] com.zaxxer.hikari.HikariDataSource       : HikariPool-1 - Shutdown initiated...
2020-01-18 00:23:02.198  INFO 49201 --- [SpringContextShutdownHook] com.zaxxer.hikari.HikariDataSource       : HikariPool-1 - Shutdown completed.
2020-01-18 00:23:06.886  INFO 49209 --- [restartedMain] site.wendev.website.WebsiteApplication   : Starting WebsiteApplication on WenDev.local with PID 49209 (/Users/jiangwen/Develop/website/target/classes started by jiangwen in /Users/jiangwen/Develop/website)
2020-01-18 00:23:06.888 DEBUG 49209 --- [restartedMain] site.wendev.website.WebsiteApplication   : Running with Spring Boot v2.2.2.RELEASE, Spring v5.2.2.RELEASE
2020-01-18 00:23:06.888  INFO 49209 --- [restartedMain] site.wendev.website.WebsiteApplication   : The following profiles are active: dev
2020-01-18 00:23:06.916  INFO 49209 --- [restartedMain] o.s.b.devtools.restart.ChangeableUrls    : The Class-Path manifest attribute in /Users/jiangwen/.m2/repository/org/glassfish/jaxb/jaxb-runtime/2.3.2/jaxb-runtime-2.3.2.jar referenced one or more files that do not exist: file:/Users/jiangwen/.m2/repository/org/glassfish/jaxb/jaxb-runtime/2.3.2/jakarta.xml.bind-api-2.3.2.jar,file:/Users/jiangwen/.m2/repository/org/glassfish/jaxb/jaxb-runtime/2.3.2/txw2-2.3.2.jar,file:/Users/jiangwen/.m2/repository/org/glassfish/jaxb/jaxb-runtime/2.3.2/istack-commons-runtime-3.0.8.jar,file:/Users/jiangwen/.m2/repository/org/glassfish/jaxb/jaxb-runtime/2.3.2/stax-ex-1.8.1.jar,file:/Users/jiangwen/.m2/repository/org/glassfish/jaxb/jaxb-runtime/2.3.2/FastInfoset-1.2.16.jar,file:/Users/jiangwen/.m2/repository/org/glassfish/jaxb/jaxb-runtime/2.3.2/jakarta.activation-api-1.2.1.jar
2020-01-18 00:23:06.917  INFO 49209 --- [restartedMain] .e.DevToolsPropertyDefaultsPostProcessor : Devtools property defaults active! Set 'spring.devtools.add-properties' to 'false' to disable
2020-01-18 00:23:06.917  INFO 49209 --- [restartedMain] .e.DevToolsPropertyDefaultsPostProcessor : For additional web related logging consider setting the 'logging.level.web' property to 'DEBUG'
2020-01-18 00:23:07.353  INFO 49209 --- [restartedMain] .s.d.r.c.RepositoryConfigurationDelegate : Bootstrapping Spring Data JPA repositories in DEFAULT mode.
2020-01-18 00:23:07.393  INFO 49209 --- [restartedMain] .s.d.r.c.RepositoryConfigurationDelegate : Finished Spring Data repository scanning in 35ms. Found 1 JPA repository interfaces.
2020-01-18 00:23:07.552  INFO 49209 --- [restartedMain] trationDelegate$BeanPostProcessorChecker : Bean 'org.springframework.transaction.annotation.ProxyTransactionManagementConfiguration' of type [org.springframework.transaction.annotation.ProxyTransactionManagementConfiguration] is not eligible for getting processed by all BeanPostProcessors (for example: not eligible for auto-proxying)
2020-01-18 00:23:07.868  INFO 49209 --- [restartedMain] o.s.b.w.embedded.tomcat.TomcatWebServer  : Tomcat initialized with port(s): 10000 (http)
2020-01-18 00:23:07.875  INFO 49209 --- [restartedMain] o.apache.catalina.core.StandardService   : Starting service [Tomcat]
2020-01-18 00:23:07.875  INFO 49209 --- [restartedMain] org.apache.catalina.core.StandardEngine  : Starting Servlet engine: [Apache Tomcat/9.0.29]
2020-01-18 00:23:07.939  INFO 49209 --- [restartedMain] o.a.c.c.C.[Tomcat].[localhost].[/]       : Initializing Spring embedded WebApplicationContext
2020-01-18 00:23:07.939  INFO 49209 --- [restartedMain] o.s.web.context.ContextLoader            : Root WebApplicationContext: initialization completed in 1022 ms
2020-01-18 00:23:08.057  INFO 49209 --- [restartedMain] o.hibernate.jpa.internal.util.LogHelper  : HHH000204: Processing PersistenceUnitInfo [name: default]
2020-01-18 00:23:08.093  INFO 49209 --- [restartedMain] org.hibernate.Version                    : HHH000412: Hibernate Core {5.4.9.Final}
2020-01-18 00:23:08.157  INFO 49209 --- [restartedMain] o.hibernate.annotations.common.Version   : HCANN000001: Hibernate Commons Annotations {5.1.0.Final}
2020-01-18 00:23:08.210  INFO 49209 --- [restartedMain] com.zaxxer.hikari.HikariDataSource       : HikariPool-1 - Starting...
2020-01-18 00:23:08.412  INFO 49209 --- [restartedMain] com.zaxxer.hikari.HikariDataSource       : HikariPool-1 - Start completed.
2020-01-18 00:23:08.418  INFO 49209 --- [restartedMain] org.hibernate.dialect.Dialect            : HHH000400: Using dialect: org.hibernate.dialect.MySQL5InnoDBDialect
2020-01-18 00:23:08.908  INFO 49209 --- [restartedMain] o.h.e.t.j.p.i.JtaPlatformInitiator       : HHH000490: Using JtaPlatform implementation: [org.hibernate.engine.transaction.jta.platform.internal.NoJtaPlatform]
2020-01-18 00:23:08.911  INFO 49209 --- [restartedMain] j.LocalContainerEntityManagerFactoryBean : Initialized JPA EntityManagerFactory for persistence unit 'default'
2020-01-18 00:23:08.951  INFO 49209 --- [restartedMain] o.s.b.d.a.OptionalLiveReloadServer       : LiveReload server is running on port 35729
2020-01-18 00:23:09.297  WARN 49209 --- [restartedMain] JpaBaseConfiguration$JpaWebConfiguration : spring.jpa.open-in-view is enabled by default. Therefore, database queries may be performed during view rendering. Explicitly configure spring.jpa.open-in-view to disable this warning
2020-01-18 00:23:09.502  INFO 49209 --- [restartedMain] o.s.s.concurrent.ThreadPoolTaskExecutor  : Initializing ExecutorService 'applicationTaskExecutor'
2020-01-18 00:23:09.583  INFO 49209 --- [restartedMain] o.s.b.a.w.s.WelcomePageHandlerMapping    : Adding welcome page template: index
2020-01-18 00:23:09.816  INFO 49209 --- [restartedMain] o.s.b.w.embedded.tomcat.TomcatWebServer  : Tomcat started on port(s): 10000 (http) with context path ''
2020-01-18 00:23:09.819  INFO 49209 --- [restartedMain] site.wendev.website.WebsiteApplication   : Started WebsiteApplication in 3.236 seconds (JVM running for 3.768)
2020-01-18 00:23:13.047  INFO 49209 --- [http-nio-10000-exec-1] o.a.c.c.C.[Tomcat].[localhost].[/]       : Initializing Spring DispatcherServlet 'dispatcherServlet'
2020-01-18 00:23:13.048  INFO 49209 --- [http-nio-10000-exec-1] o.s.web.servlet.DispatcherServlet        : Initializing Servlet 'dispatcherServlet'
2020-01-18 00:23:13.058  INFO 49209 --- [http-nio-10000-exec-1] o.s.web.servlet.DispatcherServlet        : Completed initialization in 10 ms
2020-01-18 00:23:13.081  INFO 49209 --- [http-nio-10000-exec-1] site.wendev.website.aspect.LogAspect     : Request: {ip='127.0.0.1', uri='/', classMethod='site.wendev.website.controller.IndexController.index', args=[]}
2020-01-18 00:23:13.086  INFO 49209 --- [http-nio-10000-exec-1] site.wendev.website.aspect.LogAspect     : Result: index
2020-01-18 00:23:18.809  INFO 49209 --- [http-nio-10000-exec-9] site.wendev.website.aspect.LogAspect     : Request: {ip='127.0.0.1', uri='/logout', classMethod='site.wendev.website.controller.MainController.logout', args=[]}
2020-01-18 00:23:18.814  INFO 49209 --- [http-nio-10000-exec-9] site.wendev.website.aspect.LogAspect     : Result: redirect:/
2020-01-18 00:23:18.829  INFO 49209 --- [http-nio-10000-exec-1] site.wendev.website.aspect.LogAspect     : Request: {ip='127.0.0.1', uri='/', classMethod='site.wendev.website.controller.IndexController.index', args=[]}
2020-01-18 00:23:18.830  INFO 49209 --- [http-nio-10000-exec-1] site.wendev.website.aspect.LogAspect     : Result: index
2020-01-18 00:23:20.120  INFO 49209 --- [http-nio-10000-exec-2] site.wendev.website.aspect.LogAspect     : Request: {ip='127.0.0.1', uri='/login', classMethod='site.wendev.website.controller.MainController.loginPage', args=[]}
2020-01-18 00:23:20.121  INFO 49209 --- [http-nio-10000-exec-2] site.wendev.website.aspect.LogAspect     : Result: login
2020-01-18 00:23:29.116  INFO 49209 --- [http-nio-10000-exec-7] site.wendev.website.aspect.LogAspect     : Request: {ip='127.0.0.1', uri='/login', classMethod='site.wendev.website.controller.MainController.login', args=[JiangWen, JiangWen1024@#, {}]}
2020-01-18 00:23:29.193  INFO 49209 --- [http-nio-10000-exec-7] site.wendev.website.aspect.LogAspect     : Result: redirect:/
2020-01-18 00:23:29.197  INFO 49209 --- [http-nio-10000-exec-8] site.wendev.website.aspect.LogAspect     : Request: {ip='127.0.0.1', uri='/', classMethod='site.wendev.website.controller.IndexController.index', args=[]}
2020-01-18 00:23:29.197  INFO 49209 --- [http-nio-10000-exec-8] site.wendev.website.aspect.LogAspect     : Result: index
2020-01-18 00:23:32.257  INFO 49209 --- [http-nio-10000-exec-1] site.wendev.website.aspect.LogAspect     : Request: {ip='127.0.0.1', uri='/logout', classMethod='site.wendev.website.controller.MainController.logout', args=[]}
2020-01-18 00:23:32.258  INFO 49209 --- [http-nio-10000-exec-1] site.wendev.website.aspect.LogAspect     : Result: redirect:/
2020-01-18 00:23:32.261  INFO 49209 --- [http-nio-10000-exec-10] site.wendev.website.aspect.LogAspect     : Request: {ip='127.0.0.1', uri='/', classMethod='site.wendev.website.controller.IndexController.index', args=[]}
2020-01-18 00:23:32.262  INFO 49209 --- [http-nio-10000-exec-10] site.wendev.website.aspect.LogAspect     : Result: index
2020-01-18 00:23:35.210  INFO 49209 --- [http-nio-10000-exec-4] site.wendev.website.aspect.LogAspect     : Request: {ip='127.0.0.1', uri='/login', classMethod='site.wendev.website.controller.MainController.loginPage', args=[]}
2020-01-18 00:23:35.210  INFO 49209 --- [http-nio-10000-exec-4] site.wendev.website.aspect.LogAspect     : Result: login
2020-01-18 00:23:41.977  INFO 49209 --- [http-nio-10000-exec-8] site.wendev.website.aspect.LogAspect     : Request: {ip='127.0.0.1', uri='/login', classMethod='site.wendev.website.controller.MainController.login', args=[123, 123, {}]}
2020-01-18 00:23:41.979  INFO 49209 --- [http-nio-10000-exec-8] site.wendev.website.aspect.LogAspect     : Result: redirect:/
2020-01-18 00:23:41.982  INFO 49209 --- [http-nio-10000-exec-6] site.wendev.website.aspect.LogAspect     : Request: {ip='127.0.0.1', uri='/', classMethod='site.wendev.website.controller.IndexController.index', args=[]}
2020-01-18 00:23:41.982  INFO 49209 --- [http-nio-10000-exec-6] site.wendev.website.aspect.LogAspect     : Result: index
2020-01-18 00:23:49.071  INFO 49209 --- [http-nio-10000-exec-3] site.wendev.website.aspect.LogAspect     : Request: {ip='127.0.0.1', uri='/', classMethod='site.wendev.website.controller.IndexController.index', args=[]}
2020-01-18 00:23:49.072  INFO 49209 --- [http-nio-10000-exec-3] site.wendev.website.aspect.LogAspect     : Result: index
2020-01-18 00:23:51.881  INFO 49209 --- [http-nio-10000-exec-5] site.wendev.website.aspect.LogAspect     : Request: {ip='127.0.0.1', uri='/logout', classMethod='site.wendev.website.controller.MainController.logout', args=[]}
2020-01-18 00:23:51.882  INFO 49209 --- [http-nio-10000-exec-5] site.wendev.website.aspect.LogAspect     : Result: redirect:/
2020-01-18 00:23:51.886  INFO 49209 --- [http-nio-10000-exec-7] site.wendev.website.aspect.LogAspect     : Request: {ip='127.0.0.1', uri='/', classMethod='site.wendev.website.controller.IndexController.index', args=[]}
2020-01-18 00:23:51.886  INFO 49209 --- [http-nio-10000-exec-7] site.wendev.website.aspect.LogAspect     : Result: index
2020-01-18 00:24:55.072  INFO 49209 --- [http-nio-10000-exec-4] site.wendev.website.aspect.LogAspect     : Request: {ip='127.0.0.1', uri='/', classMethod='site.wendev.website.controller.IndexController.index', args=[]}
2020-01-18 00:24:55.073  INFO 49209 --- [http-nio-10000-exec-4] site.wendev.website.aspect.LogAspect     : Result: index
